Renters Block Phase-2/RB Converted Code/app/build/outputs/logs/manifest-merger-debug-report.txt
-- Merging decision tree log ---
manifest
ADDED from src\main\AndroidManifest.xml:2:1-380:12
INJECTED from src\main\AndroidManifest.xml:2:1-380:12
INJECTED from src\main\AndroidManifest.xml:2:1-380:12
INJECTED from src\main\AndroidManifest.xml:2:1-380:12
MERGED from [com.android.support:design:25.3.1] AndroidManifest.xml:17:1-31:12
MERGED from [com.facebook.android:facebook-android-sdk:4.27.0] AndroidManifest.xml:21:1-31:12
MERGED from [com.facebook.android:facebook-login:4.27.0] AndroidManifest.xml:21:1-31:12
MERGED from [com.facebook.android:facebook-share:4.27.0] AndroidManifest.xml:21:1-31:12
MERGED from [com.facebook.android:facebook-common:4.27.0] AndroidManifest.xml:21:1-36:12
MERGED from [com.android.support:appcompat-v7:25.3.1] AndroidManifest.xml:17:1-31:12
MERGED from [com.android.support.constraint:constraint-layout:1.0.2] AndroidManifest.xml:2:1-11:12
MERGED from [com.google.android.gms:play-services-maps:11.0.2] AndroidManifest.xml:16:1-25:12
MERGED from [com.google.android.gms:play-services-auth:11.0.2] AndroidManifest.xml:16:1-26:12
MERGED from [com.google.android.gms:play-services-analytics:11.0.2] AndroidManifest.xml:16:1-27:12
MERGED from [com.google.firebase:firebase-messaging:11.0.2] AndroidManifest.xml:16:1-30:12
MERGED from [com.google.firebase:firebase-ads:11.0.2] AndroidManifest.xml:2:1-6:12
MERGED from [com.github.nirhart:parallaxscroll:1.0] AndroidManifest.xml:2:1-13:12
MERGED from [com.google.firebase:firebase-core:11.0.2] AndroidManifest.xml:2:1-6:12
MERGED from [:libraryproject] AndroidManifest.xml:2:1-11:12
MERGED from [com.android.support:multidex:1.0.2] AndroidManifest.xml:17:1-22:12
MERGED from [com.crashlytics.sdk.android:crashlytics:2.6.8] AndroidManifest.xml:2:1-13:12
MERGED from [com.android.support:animated-vector-drawable:25.3.1] AndroidManifest.xml:17:1-28:12
MERGED from [com.android.support:support-vector-drawable:25.3.1] AndroidManifest.xml:17:1-28:12
MERGED from [com.android.support:recyclerview-v7:25.3.1] AndroidManifest.xml:17:1-26:12
MERGED from [com.android.support:transition:25.3.1] AndroidManifest.xml:17:1-28:12
MERGED from [com.facebook.android:facebook-places:4.27.0] AndroidManifest.xml:21:1-31:12
MERGED from [com.facebook.android:facebook-applinks:4.27.0] AndroidManifest.xml:21:1-31:12
MERGED from [com.facebook.android:facebook-messenger:4.27.0] AndroidManifest.xml:21:1-31:12
MERGED from [com.facebook.android:facebook-core:4.27.0] AndroidManifest.xml:21:1-45:12
MERGED from [com.google.android.gms:play-services-auth-base:11.0.2] AndroidManifest.xml:2:1-5:12
MERGED from [com.google.android.gms:play-services-tagmanager-v4-impl:11.0.2] AndroidManifest.xml:16:1-20:12
MERGED from [com.google.android.gms:play-services-analytics-impl:11.0.2] AndroidManifest.xml:16:1-27:12
MERGED from [com.google.android.gms:play-services-ads:11.0.2] AndroidManifest.xml:16:1-18:12
MERGED from [com.google.android.gms:play-services-clearcut:11.0.2] AndroidManifest.xml:16:1-19:12
MERGED from [com.google.android.gms:play-services-safetynet:11.0.2] AndroidManifest.xml:16:1-19:12
MERGED from [com.google.android.gms:play-services-base:11.0.2] AndroidManifest.xml:16:1-21:12
MERGED from [com.google.firebase:firebase-analytics:11.0.2] AndroidManifest.xml:16:1-35:12
MERGED from [com.google.firebase:firebase-analytics-impl:11.0.2] AndroidManifest.xml:16:1-29:12
MERGED from [com.google.firebase:firebase-iid:11.0.2] AndroidManifest.xml:16:1-50:12
MERGED from [com.google.firebase:firebase-common:11.0.2] AndroidManifest.xml:2:1-8:12
MERGED from [com.google.android.gms:play-services-tasks:11.0.2] AndroidManifest.xml:2:1-5:12
MERGED from [com.google.android.gms:play-services-ads-lite:11.0.2] AndroidManifest.xml:16:1-27:12
MERGED from [com.google.android.gms:play-services-gass:11.0.2] AndroidManifest.xml:2:1-5:12
MERGED from [com.google.android.gms:play-services-basement:11.0.2] AndroidManifest.xml:16:1-23:12
MERGED from [com.android.support:support-v4:25.3.1] AndroidManifest.xml:17:1-31:12
MERGED from [com.android.support:support-fragment:25.3.1] AndroidManifest.xml:17:1-31:12
MERGED from [com.android.support:support-core-utils:25.3.1] AndroidManifest.xml:17:1-31:12
MERGED from [com.android.support:support-core-ui:25.3.1] AndroidManifest.xml:17:1-31:12
MERGED from [com.android.support:customtabs:25.3.1] AndroidManifest.xml:17:1-28:12
MERGED from [com.android.support:support-media-compat:25.3.1] AndroidManifest.xml:17:1-31:12
MERGED from [com.android.support:support-compat:25.3.1] AndroidManifest.xml:17:1-31:12
MERGED from [com.android.support:cardview-v7:25.3.1] AndroidManifest.xml:17:1-28:12
MERGED from [com.crashlytics.sdk.android:beta:1.2.5] AndroidManifest.xml:2:1-13:12
MERGED from [com.crashlytics.sdk.android:crashlytics-core:2.3.17] AndroidManifest.xml:45:1-56:12
MERGED from [com.crashlytics.sdk.android:answers:1.3.13] AndroidManifest.xml:2:1-13:12
MERGED from [io.fabric.sdk.android:fabric:1.3.17] AndroidManifest.xml:22:1-33:12
INJECTED from src\main\AndroidManifest.xml:2:1-380:12
INJECTED from src\main\AndroidManifest.xml:2:1-380:12
INJECTED from src\main\AndroidManifest.xml:2:1-380:12
	package
		ADDED from src\main\AndroidManifest.xml:4:5-36
		INJECTED from src\main\AndroidManifest.xml
		INJECTED from src\main\AndroidManifest.xml
	android:versionName
		INJECTED from src\main\AndroidManifest.xml
		ADDED from src\main\AndroidManifest.xml:2:1-380:12
		INJECTED from src\main\AndroidManifest.xml
	xmlns:tools
		ADDED from src\main\AndroidManifest.xml:3:5-51
	android:versionCode
		INJECTED from src\main\AndroidManifest.xml
		ADDED from src\main\AndroidManifest.xml:2:1-380:12
		INJECTED from src\main\AndroidManifest.xml
	xmlns:android
		ADDED from src\main\AndroidManifest.xml:2:11-69
supports-screens
ADDED from src\main\AndroidManifest.xml:6:5-11:40
	android:largeScreens
		ADDED from src\main\AndroidManifest.xml:8:9-36
	android:smallScreens
		ADDED from src\main\AndroidManifest.xml:10:9-36
	android:normalScreens
		ADDED from src\main\AndroidManifest.xml:9:9-37
	android:xlargeScreens
		ADDED from src\main\AndroidManifest.xml:11:9-37
	android:anyDensity
		ADDED from src\main\AndroidManifest.xml:7:9-34
permission#com.smaat.renterblock.permission.MAPS_RECEIVE
ADDED from src\main\AndroidManifest.xml:14:5-16:47
	android:protectionLevel
		ADDED from src\main\AndroidManifest.xml:16:9-44
	android:name
		ADDED from src\main\AndroidManifest.xml:15:9-69
uses-permission#android.permission.CALL_PHONE
ADDED from src\main\AndroidManifest.xml:18:5-68
	android:name
		ADDED from src\main\AndroidManifest.xml:18:22-66
uses-permission#android.permission.INTERNET
ADDED from src\main\AndroidManifest.xml:19:5-67
MERGED from [com.google.android.gms:play-services-maps:11.0.2] AndroidManifest.xml:20:5-66
MERGED from [com.google.android.gms:play-services-maps:11.0.2] AndroidManifest.xml:20:5-66
MERGED from [com.google.android.gms:play-services-analytics:11.0.2] AndroidManifest.xml:20:5-66
MERGED from [com.google.android.gms:play-services-analytics:11.0.2] AndroidManifest.xml:20:5-66
MERGED from [com.crashlytics.sdk.android:crashlytics:2.6.8] AndroidManifest.xml:9:5-67
MERGED from [com.crashlytics.sdk.android:crashlytics:2.6.8] AndroidManifest.xml:9:5-67
MERGED from [com.google.android.gms:play-services-analytics-impl:11.0.2] AndroidManifest.xml:20:5-66
MERGED from [com.google.android.gms:play-services-analytics-impl:11.0.2] AndroidManifest.xml:20:5-66
MERGED from [com.google.firebase:firebase-analytics:11.0.2] AndroidManifest.xml:20:5-66
MERGED from [com.google.firebase:firebase-analytics:11.0.2] AndroidManifest.xml:20:5-66
MERGED from [com.google.firebase:firebase-analytics-impl:11.0.2] AndroidManifest.xml:20:5-66
MERGED from [com.google.firebase:firebase-analytics-impl:11.0.2] AndroidManifest.xml:20:5-66
MERGED from [com.google.firebase:firebase-iid:11.0.2] AndroidManifest.xml:20:5-66
MERGED from [com.google.firebase:firebase-iid:11.0.2] AndroidManifest.xml:20:5-66
MERGED from [com.google.android.gms:play-services-ads-lite:11.0.2] AndroidManifest.xml:19:5-66
MERGED from [com.google.android.gms:play-services-ads-lite:11.0.2] AndroidManifest.xml:19:5-66
MERGED from [com.crashlytics.sdk.android:beta:1.2.5] AndroidManifest.xml:9:5-67
MERGED from [com.crashlytics.sdk.android:beta:1.2.5] AndroidManifest.xml:9:5-67
MERGED from [com.crashlytics.sdk.android:crashlytics-core:2.3.17] AndroidManifest.xml:52:5-67
MERGED from [com.crashlytics.sdk.android:crashlytics-core:2.3.17] AndroidManifest.xml:52:5-67
MERGED from [com.crashlytics.sdk.android:answers:1.3.13] AndroidManifest.xml:9:5-67
MERGED from [com.crashlytics.sdk.android:answers:1.3.13] AndroidManifest.xml:9:5-67
MERGED from [io.fabric.sdk.android:fabric:1.3.17] AndroidManifest.xml:29:5-67
MERGED from [io.fabric.sdk.android:fabric:1.3.17] AndroidManifest.xml:29:5-67
	android:name
		ADDED from src\main\AndroidManifest.xml:19:22-64
uses-permission#android.permission.ACCESS_FINE_LOCATION
ADDED from src\main\AndroidManifest.xml:20:5-79
	android:name
		ADDED from src\main\AndroidManifest.xml:20:22-76
uses-permission#android.permission.ACCESS_COARSE_LOCATION
ADDED from src\main\AndroidManifest.xml:21:5-81
	android:name
		ADDED from src\main\AndroidManifest.xml:21:22-78
uses-permission#android.permission.ACCESS_NETWORK_STATE
ADDED from src\main\AndroidManifest.xml:22:5-79
MERGED from [com.google.android.gms:play-services-maps:11.0.2] AndroidManifest.xml:19:5-78
MERGED from [com.google.android.gms:play-services-maps:11.0.2] AndroidManifest.xml:19:5-78
MERGED from [com.google.android.gms:play-services-analytics:11.0.2] AndroidManifest.xml:21:5-78
MERGED from [com.google.android.gms:play-services-analytics:11.0.2] AndroidManifest.xml:21:5-78
MERGED from [com.google.android.gms:play-services-analytics-impl:11.0.2] AndroidManifest.xml:21:5-78
MERGED from [com.google.android.gms:play-services-analytics-impl:11.0.2] AndroidManifest.xml:21:5-78
MERGED from [com.google.firebase:firebase-analytics:11.0.2] AndroidManifest.xml:21:5-78
MERGED from [com.google.firebase:firebase-analytics:11.0.2] AndroidManifest.xml:21:5-78
MERGED from [com.google.firebase:firebase-analytics-impl:11.0.2] AndroidManifest.xml:21:5-78
MERGED from [com.google.firebase:firebase-analytics-impl:11.0.2] AndroidManifest.xml:21:5-78
MERGED from [com.google.firebase:firebase-iid:11.0.2] AndroidManifest.xml:19:5-78
MERGED from [com.google.firebase:firebase-iid:11.0.2] AndroidManifest.xml:19:5-78
MERGED from [com.google.android.gms:play-services-ads-lite:11.0.2] AndroidManifest.xml:20:5-78
MERGED from [com.google.android.gms:play-services-ads-lite:11.0.2] AndroidManifest.xml:20:5-78
	android:name
		ADDED from src\main\AndroidManifest.xml:22:22-76
uses-permission#android.permission.WRITE_EXTERNAL_STORAGE
ADDED from src\main\AndroidManifest.xml:23:5-81
	android:name
		ADDED from src\main\AndroidManifest.xml:23:22-78
uses-permission#com.smaat.renterblock.permission.MAPS_RECEIVE
ADDED from src\main\AndroidManifest.xml:24:5-85
	android:name
		ADDED from src\main\AndroidManifest.xml:24:22-82
uses-permission#com.google.android.providers.gsf.permission.READ_GSERVICES
ADDED from src\main\AndroidManifest.xml:25:5-98
	android:name
		ADDED from src\main\AndroidManifest.xml:25:22-95
uses-permission#android.permission.ACCESS_LOCATION_EXTRA_COMMANDS
ADDED from src\main\AndroidManifest.xml:26:5-89
	android:name
		ADDED from src\main\AndroidManifest.xml:26:22-86
uses-permission#android.permission.GET_ACCOUNTS
ADDED from src\main\AndroidManifest.xml:27:5-71
	android:name
		ADDED from src\main\AndroidManifest.xml:27:22-68
uses-permission#android.permission.RECORD_AUDIO
ADDED from src\main\AndroidManifest.xml:28:5-71
	android:name
		ADDED from src\main\AndroidManifest.xml:28:22-68
uses-permission#android.permission.USE_CREDENTIALS
ADDED from src\main\AndroidManifest.xml:29:5-74
	android:name
		ADDED from src\main\AndroidManifest.xml:29:22-71
uses-permission#android.permission.CAMERA
ADDED from src\main\AndroidManifest.xml:30:5-65
	android:name
		ADDED from src\main\AndroidManifest.xml:30:22-62
uses-permission#android.permission.READ_EXTERNAL_STORAGE
ADDED from src\main\AndroidManifest.xml:31:5-80
	android:name
		ADDED from src\main\AndroidManifest.xml:31:22-77
uses-permission#android.permission.FLASHLIGHT
ADDED from src\main\AndroidManifest.xml:32:5-69
	android:name
		ADDED from src\main\AndroidManifest.xml:32:22-66
uses-permission#android.permission.RECORD_VIDEO
ADDED from src\main\AndroidManifest.xml:33:5-71
	android:name
		ADDED from src\main\AndroidManifest.xml:33:22-68
uses-permission#android.permission.PROCESS_OUTGOING_CALLS
ADDED from src\main\AndroidManifest.xml:34:5-81
	android:name
		ADDED from src\main\AndroidManifest.xml:34:22-78
uses-permission#android.permission.SYSTEM_ALERT_WINDOW
ADDED from src\main\AndroidManifest.xml:35:5-78
	android:name
		ADDED from src\main\AndroidManifest.xml:35:22-75
uses-permission#android.permission.BLUETOOTH
ADDED from src\main\AndroidManifest.xml:36:5-68
	android:name
		ADDED from src\main\AndroidManifest.xml:36:22-65
uses-permission#android.permission.BLUETOOTH_ADMIN
ADDED from src\main\AndroidManifest.xml:37:5-74
	android:name
		ADDED from src\main\AndroidManifest.xml:37:22-71
uses-permission#android.permission.BLUETOOTH_PRIVILEGED
ADDED from src\main\AndroidManifest.xml:38:5-79
	android:name
		ADDED from src\main\AndroidManifest.xml:38:22-76
uses-feature#android.hardware.camera
ADDED from src\main\AndroidManifest.xml:40:5-60
	android:name
		ADDED from src\main\AndroidManifest.xml:40:19-57
uses-feature#android.hardware.camera.autofocus
ADDED from src\main\AndroidManifest.xml:41:5-70
	android:name
		ADDED from src\main\AndroidManifest.xml:41:19-67
uses-feature#android.hardware.camera.flash
ADDED from src\main\AndroidManifest.xml:42:5-66
	android:name
		ADDED from src\main\AndroidManifest.xml:42:19-63
uses-permission#android.permission.MODIFY_AUDIO_SETTINGS
ADDED from src\main\AndroidManifest.xml:44:5-80
	android:name
		ADDED from src\main\AndroidManifest.xml:44:22-77
uses-permission#android.permission.READ_PHONE_STATE
ADDED from src\main\AndroidManifest.xml:45:5-75
	android:name
		ADDED from src\main\AndroidManifest.xml:45:22-72
uses-permission#android.permission.WAKE_LOCK
ADDED from src\main\AndroidManifest.xml:48:5-68
MERGED from [com.google.android.gms:play-services-analytics:11.0.2] AndroidManifest.xml:24:5-67
MERGED from [com.google.android.gms:play-services-analytics:11.0.2] AndroidManifest.xml:24:5-67
MERGED from [com.google.android.gms:play-services-analytics-impl:11.0.2] AndroidManifest.xml:24:5-67
MERGED from [com.google.android.gms:play-services-analytics-impl:11.0.2] AndroidManifest.xml:24:5-67
MERGED from [com.google.firebase:firebase-analytics:11.0.2] AndroidManifest.xml:22:5-67
MERGED from [com.google.firebase:firebase-analytics:11.0.2] AndroidManifest.xml:22:5-67
MERGED from [com.google.firebase:firebase-analytics-impl:11.0.2] AndroidManifest.xml:22:5-67
MERGED from [com.google.firebase:firebase-analytics-impl:11.0.2] AndroidManifest.xml:22:5-67
MERGED from [com.google.firebase:firebase-iid:11.0.2] AndroidManifest.xml:21:5-67
MERGED from [com.google.firebase:firebase-iid:11.0.2] AndroidManifest.xml:21:5-67
	android:name
		ADDED from src\main\AndroidManifest.xml:48:22-65
permission#com.smaat.renterblock.permission.C2D_MESSAGE
ADDED from src\main\AndroidManifest.xml:51:5-53:47
MERGED from [com.google.firebase:firebase-iid:11.0.2] AndroidManifest.xml:24:5-109
	android:protectionLevel
		ADDED from src\main\AndroidManifest.xml:53:9-44
	android:name
		ADDED from src\main\AndroidManifest.xml:52:9-68
uses-permission#com.smaat.renterblock.permission.C2D_MESSAGE
ADDED from src\main\AndroidManifest.xml:55:5-84
MERGED from [com.google.firebase:firebase-iid:11.0.2] AndroidManifest.xml:26:5-78
	android:name
		ADDED from src\main\AndroidManifest.xml:55:22-81
uses-permission#com.google.android.c2dm.permission.RECEIVE
ADDED from src\main\AndroidManifest.xml:58:5-82
MERGED from [com.google.firebase:firebase-iid:11.0.2] AndroidManifest.xml:22:5-81
MERGED from [com.google.firebase:firebase-iid:11.0.2] AndroidManifest.xml:22:5-81
	android:name
		ADDED from src\main\AndroidManifest.xml:58:22-79
uses-permission#android.permission.VIBRATE
ADDED from src\main\AndroidManifest.xml:62:5-66
	android:name
		ADDED from src\main\AndroidManifest.xml:62:22-63
uses-permission#android.permission.READ_CONTACTS
ADDED from src\main\AndroidManifest.xml:63:5-72
	android:name
		ADDED from src\main\AndroidManifest.xml:63:22-69
uses-permission#android.permission.READ_SYNC_SETTINGS
ADDED from src\main\AndroidManifest.xml:64:5-77
	android:name
		ADDED from src\main\AndroidManifest.xml:64:22-74
application
ADDED from src\main\AndroidManifest.xml:66:5-378:19
MERGED from [com.android.support:design:25.3.1] AndroidManifest.xml:29:5-20
MERGED from [com.android.support:design:25.3.1] AndroidManifest.xml:29:5-20
MERGED from [com.facebook.android:facebook-android-sdk:4.27.0] AndroidManifest.xml:28:5-29:19
MERGED from [com.facebook.android:facebook-android-sdk:4.27.0] AndroidManifest.xml:28:5-29:19
MERGED from [com.facebook.android:facebook-login:4.27.0] AndroidManifest.xml:28:5-29:19
MERGED from [com.facebook.android:facebook-login:4.27.0] AndroidManifest.xml:28:5-29:19
MERGED from [com.facebook.android:facebook-share:4.27.0] AndroidManifest.xml:28:5-29:19
MERGED from [com.facebook.android:facebook-share:4.27.0] AndroidManifest.xml:28:5-29:19
MERGED from [com.facebook.android:facebook-common:4.27.0] AndroidManifest.xml:28:5-34:19
MERGED from [com.facebook.android:facebook-common:4.27.0] AndroidManifest.xml:28:5-34:19
MERGED from [com.android.support:appcompat-v7:25.3.1] AndroidManifest.xml:29:5-20
MERGED from [com.android.support:appcompat-v7:25.3.1] AndroidManifest.xml:29:5-20
MERGED from [com.android.support.constraint:constraint-layout:1.0.2] AndroidManifest.xml:9:5-20
MERGED from [com.android.support.constraint:constraint-layout:1.0.2] AndroidManifest.xml:9:5-20
MERGED from [com.google.android.gms:play-services-maps:11.0.2] AndroidManifest.xml:24:5-19
MERGED from [com.google.android.gms:play-services-maps:11.0.2] AndroidManifest.xml:24:5-19
MERGED from [com.google.android.gms:play-services-auth:11.0.2] AndroidManifest.xml:19:5-25:19
MERGED from [com.google.android.gms:play-services-auth:11.0.2] AndroidManifest.xml:19:5-25:19
MERGED from [com.google.android.gms:play-services-analytics:11.0.2] AndroidManifest.xml:26:5-19
MERGED from [com.google.android.gms:play-services-analytics:11.0.2] AndroidManifest.xml:26:5-19
MERGED from [com.google.firebase:firebase-messaging:11.0.2] AndroidManifest.xml:19:5-29:19
MERGED from [com.google.firebase:firebase-messaging:11.0.2] AndroidManifest.xml:19:5-29:19
MERGED from [com.google.firebase:firebase-ads:11.0.2] AndroidManifest.xml:5:5-20
MERGED from [com.google.firebase:firebase-ads:11.0.2] AndroidManifest.xml:5:5-20
MERGED from [com.github.nirhart:parallaxscroll:1.0] AndroidManifest.xml:11:5-20
MERGED from [com.github.nirhart:parallaxscroll:1.0] AndroidManifest.xml:11:5-20
MERGED from [com.google.firebase:firebase-core:11.0.2] AndroidManifest.xml:5:5-20
MERGED from [com.google.firebase:firebase-core:11.0.2] AndroidManifest.xml:5:5-20
MERGED from [com.crashlytics.sdk.android:crashlytics:2.6.8] AndroidManifest.xml:11:5-20
MERGED from [com.crashlytics.sdk.android:crashlytics:2.6.8] AndroidManifest.xml:11:5-20
MERGED from [com.android.support:animated-vector-drawable:25.3.1] AndroidManifest.xml:26:5-20
MERGED from [com.android.support:animated-vector-drawable:25.3.1] AndroidManifest.xml:26:5-20
MERGED from [com.android.support:support-vector-drawable:25.3.1] AndroidManifest.xml:26:5-20
MERGED from [com.android.support:support-vector-drawable:25.3.1] AndroidManifest.xml:26:5-20
MERGED from [com.android.support:transition:25.3.1] AndroidManifest.xml:26:5-20
MERGED from [com.android.support:transition:25.3.1] AndroidManifest.xml:26:5-20
MERGED from [com.facebook.android:facebook-places:4.27.0] AndroidManifest.xml:28:5-29:19
MERGED from [com.facebook.android:facebook-places:4.27.0] AndroidManifest.xml:28:5-29:19
MERGED from [com.facebook.android:facebook-applinks:4.27.0] AndroidManifest.xml:28:5-29:19
MERGED from [com.facebook.android:facebook-applinks:4.27.0] AndroidManifest.xml:28:5-29:19
MERGED from [com.facebook.android:facebook-messenger:4.27.0] AndroidManifest.xml:28:5-29:19
MERGED from [com.facebook.android:facebook-messenger:4.27.0] AndroidManifest.xml:28:5-29:19
MERGED from [com.facebook.android:facebook-core:4.27.0] AndroidManifest.xml:28:5-43:19
MERGED from [com.facebook.android:facebook-core:4.27.0] AndroidManifest.xml:28:5-43:19
MERGED from [com.google.android.gms:play-services-tagmanager-v4-impl:11.0.2] AndroidManifest.xml:19:5-19
MERGED from [com.google.android.gms:play-services-tagmanager-v4-impl:11.0.2] AndroidManifest.xml:19:5-19
MERGED from [com.google.android.gms:play-services-analytics-impl:11.0.2] AndroidManifest.xml:26:5-19
MERGED from [com.google.android.gms:play-services-analytics-impl:11.0.2] AndroidManifest.xml:26:5-19
MERGED from [com.google.android.gms:play-services-clearcut:11.0.2] AndroidManifest.xml:18:5-19
MERGED from [com.google.android.gms:play-services-clearcut:11.0.2] AndroidManifest.xml:18:5-19
MERGED from [com.google.android.gms:play-services-safetynet:11.0.2] AndroidManifest.xml:18:5-19
MERGED from [com.google.android.gms:play-services-safetynet:11.0.2] AndroidManifest.xml:18:5-19
MERGED from [com.google.android.gms:play-services-base:11.0.2] AndroidManifest.xml:18:5-20:19
MERGED from [com.google.android.gms:play-services-base:11.0.2] AndroidManifest.xml:18:5-20:19
MERGED from [com.google.firebase:firebase-analytics:11.0.2] AndroidManifest.xml:24:5-34:19
MERGED from [com.google.firebase:firebase-analytics:11.0.2] AndroidManifest.xml:24:5-34:19
MERGED from [com.google.firebase:firebase-analytics-impl:11.0.2] AndroidManifest.xml:24:5-28:19
MERGED from [com.google.firebase:firebase-analytics-impl:11.0.2] AndroidManifest.xml:24:5-28:19
MERGED from [com.google.firebase:firebase-iid:11.0.2] AndroidManifest.xml:28:5-49:19
MERGED from [com.google.firebase:firebase-iid:11.0.2] AndroidManifest.xml:28:5-49:19
MERGED from [com.google.firebase:firebase-common:11.0.2] AndroidManifest.xml:4:5-7:19
MERGED from [com.google.firebase:firebase-common:11.0.2] AndroidManifest.xml:4:5-7:19
MERGED from [com.google.android.gms:play-services-tasks:11.0.2] AndroidManifest.xml:4:5-19
MERGED from [com.google.android.gms:play-services-tasks:11.0.2] AndroidManifest.xml:4:5-19
MERGED from [com.google.android.gms:play-services-ads-lite:11.0.2] AndroidManifest.xml:23:5-26:19
MERGED from [com.google.android.gms:play-services-ads-lite:11.0.2] AndroidManifest.xml:23:5-26:19
MERGED from [com.google.android.gms:play-services-gass:11.0.2] AndroidManifest.xml:4:5-19
MERGED from [com.google.android.gms:play-services-gass:11.0.2] AndroidManifest.xml:4:5-19
MERGED from [com.google.android.gms:play-services-basement:11.0.2] AndroidManifest.xml:19:5-21:19
MERGED from [com.google.android.gms:play-services-basement:11.0.2] AndroidManifest.xml:19:5-21:19
MERGED from [com.android.support:support-v4:25.3.1] AndroidManifest.xml:29:5-20
MERGED from [com.android.support:support-v4:25.3.1] AndroidManifest.xml:29:5-20
MERGED from [com.android.support:support-fragment:25.3.1] AndroidManifest.xml:29:5-20
MERGED from [com.android.support:support-fragment:25.3.1] AndroidManifest.xml:29:5-20
MERGED from [com.android.support:support-core-utils:25.3.1] AndroidManifest.xml:29:5-20
MERGED from [com.android.support:support-core-utils:25.3.1] AndroidManifest.xml:29:5-20
MERGED from [com.android.support:support-core-ui:25.3.1] AndroidManifest.xml:29:5-20
MERGED from [com.android.support:support-core-ui:25.3.1] AndroidManifest.xml:29:5-20
MERGED from [com.android.support:customtabs:25.3.1] AndroidManifest.xml:26:5-20
MERGED from [com.android.support:customtabs:25.3.1] AndroidManifest.xml:26:5-20
MERGED from [com.android.support:support-media-compat:25.3.1] AndroidManifest.xml:29:5-20
MERGED from [com.android.support:support-media-compat:25.3.1] AndroidManifest.xml:29:5-20
MERGED from [com.android.support:support-compat:25.3.1] AndroidManifest.xml:29:5-20
MERGED from [com.android.support:support-compat:25.3.1] AndroidManifest.xml:29:5-20
MERGED from [com.android.support:cardview-v7:25.3.1] AndroidManifest.xml:26:5-20
MERGED from [com.android.support:cardview-v7:25.3.1] AndroidManifest.xml:26:5-20
MERGED from [com.crashlytics.sdk.android:beta:1.2.5] AndroidManifest.xml:11:5-20
MERGED from [com.crashlytics.sdk.android:beta:1.2.5] AndroidManifest.xml:11:5-20
MERGED from [com.crashlytics.sdk.android:crashlytics-core:2.3.17] AndroidManifest.xml:54:5-20
MERGED from [com.crashlytics.sdk.android:crashlytics-core:2.3.17] AndroidManifest.xml:54:5-20
MERGED from [com.crashlytics.sdk.android:answers:1.3.13] AndroidManifest.xml:11:5-20
MERGED from [com.crashlytics.sdk.android:answers:1.3.13] AndroidManifest.xml:11:5-20
MERGED from [io.fabric.sdk.android:fabric:1.3.17] AndroidManifest.xml:31:5-20
MERGED from [io.fabric.sdk.android:fabric:1.3.17] AndroidManifest.xml:31:5-20
	android:supportsRtl
		ADDED from [com.facebook.android:facebook-android-sdk:4.27.0] AndroidManifest.xml:28:18-44
	android:label
		ADDED from src\main\AndroidManifest.xml:73:9-32
	android:allowClearUserData
		ADDED from src\main\AndroidManifest.xml:70:9-42
	android:hardwareAccelerated
		ADDED from src\main\AndroidManifest.xml:71:9-44
	android:fullBackupContent
		ADDED from src\main\AndroidManifest.xml:69:9-41
	tools:ignore
		ADDED from src\main\AndroidManifest.xml:77:9-48
	android:vmSafeMode
		ADDED from src\main\AndroidManifest.xml:76:9-34
	android:largeHeap
		ADDED from src\main\AndroidManifest.xml:74:9-33
	android:icon
		ADDED from src\main\AndroidManifest.xml:72:9-42
	android:allowBackup
		ADDED from src\main\AndroidManifest.xml:68:9-35
	android:theme
		ADDED from src\main\AndroidManifest.xml:75:9-40
	android:name
		ADDED from src\main\AndroidManifest.xml:67:9-54
activity#com.smaat.renterblock.ui.SplashScreen
ADDED from src\main\AndroidManifest.xml:79:9-85:20
	android:name
		ADDED from src\main\AndroidManifest.xml:79:19-50
intent-filter#android.intent.action.MAIN+android.intent.category.LAUNCHER
ADDED from src\main\AndroidManifest.xml:80:13-84:29
action#android.intent.action.MAIN
ADDED from src\main\AndroidManifest.xml:81:17-69
	android:name
		ADDED from src\main\AndroidManifest.xml:81:25-66
category#android.intent.category.LAUNCHER
ADDED from src\main\AndroidManifest.xml:83:17-77
	android:name
		ADDED from src\main\AndroidManifest.xml:83:27-74
activity#com.smaat.renterblock.ui.TutorialScreen
ADDED from src\main\AndroidManifest.xml:86:9-88:52
	android:screenOrientation
		ADDED from src\main\AndroidManifest.xml:88:13-49
	android:name
		ADDED from src\main\AndroidManifest.xml:87:13-67
activity#com.smaat.renterblock.MapFragmentActivity
ADDED from src\main\AndroidManifest.xml:96:9-100:67
	android:screenOrientation
		ADDED from src\main\AndroidManifest.xml:99:13-49
	android:windowSoftInputMode
		ADDED from src\main\AndroidManifest.xml:100:13-64
	android:configChanges
		ADDED from src\main\AndroidManifest.xml:98:13-81
	android:name
		ADDED from src\main\AndroidManifest.xml:97:13-69
activity#com.smaat.renterblock.ui.CreateAccountScreen
ADDED from src\main\AndroidManifest.xml:106:9-81
	android:name
		ADDED from src\main\AndroidManifest.xml:106:19-78
activity#com.smaat.renterblock.ui.RegisterScreen
ADDED from src\main\AndroidManifest.xml:107:9-111:67
	android:screenOrientation
		ADDED from src\main\AndroidManifest.xml:110:13-49
	android:windowSoftInputMode
		ADDED from src\main\AndroidManifest.xml:111:13-64
	android:configChanges
		ADDED from src\main\AndroidManifest.xml:109:13-81
	android:name
		ADDED from src\main\AndroidManifest.xml:108:13-67
activity#com.smaat.renterblock.ui.PropertyDetailsActivity
ADDED from src\main\AndroidManifest.xml:112:9-115:67
	android:screenOrientation
		ADDED from src\main\AndroidManifest.xml:114:13-49
	android:windowSoftInputMode
		ADDED from src\main\AndroidManifest.xml:115:13-64
	android:name
		ADDED from src\main\AndroidManifest.xml:113:13-76
activity#com.smaat.renterblock.myfavourite.MyFavouriteActivity
ADDED from src\main\AndroidManifest.xml:116:9-119:67
	android:screenOrientation
		ADDED from src\main\AndroidManifest.xml:118:13-49
	android:windowSoftInputMode
		ADDED from src\main\AndroidManifest.xml:119:13-64
	android:name
		ADDED from src\main\AndroidManifest.xml:117:13-81
activity#com.smaat.renterblock.myfavourite.MyFavouriteDeleteActivity
ADDED from src\main\AndroidManifest.xml:120:9-123:67
	android:screenOrientation
		ADDED from src\main\AndroidManifest.xml:122:13-49
	android:windowSoftInputMode
		ADDED from src\main\AndroidManifest.xml:123:13-64
	android:name
		ADDED from src\main\AndroidManifest.xml:121:13-87
activity#com.smaat.renterblock.myfavourite.EditFavouriteActivity
ADDED from src\main\AndroidManifest.xml:124:9-127:67
	android:screenOrientation
		ADDED from src\main\AndroidManifest.xml:126:13-49
	android:windowSoftInputMode
		ADDED from src\main\AndroidManifest.xml:127:13-64
	android:name
		ADDED from src\main\AndroidManifest.xml:125:13-83
activity#com.smaat.renterblock.ui.LoginActivity
ADDED from src\main\AndroidManifest.xml:128:9-131:67
	android:screenOrientation
		ADDED from src\main\AndroidManifest.xml:130:13-49
	android:windowSoftInputMode
		ADDED from src\main\AndroidManifest.xml:131:13-64
	android:name
		ADDED from src\main\AndroidManifest.xml:129:13-66
activity#com.smaat.renterblock.friends.ui.FriendsMainScreen
ADDED from src\main\AndroidManifest.xml:132:9-135:67
	android:screenOrientation
		ADDED from src\main\AndroidManifest.xml:134:13-49
	android:windowSoftInputMode
		ADDED from src\main\AndroidManifest.xml:135:13-64
	android:name
		ADDED from src\main\AndroidManifest.xml:133:13-78
activity#com.smaat.renterblock.friends.ui.FriendsPendingRequest
ADDED from src\main\AndroidManifest.xml:136:9-139:67
	android:screenOrientation
		ADDED from src\main\AndroidManifest.xml:138:13-49
	android:windowSoftInputMode